{
  "stats": {
    "suites": 13,
    "tests": 12,
    "passes": 12,
    "pending": 0,
    "failures": 0,
    "start": "2025-11-07T01:50:57.134Z",
    "end": "2025-11-07T01:50:57.329Z",
    "duration": 195,
    "testsRegistered": 12,
    "passPercent": 100,
    "pendingPercent": 0,
    "other": 0,
    "hasOther": false,
    "skipped": 0,
    "hasSkipped": false
  },
  "results": [
    {
      "uuid": "b7a2cd10-27dc-4ebb-ab39-d2233e9e422f",
      "title": "",
      "fullFile": "",
      "file": "",
      "beforeHooks": [],
      "afterHooks": [],
      "tests": [],
      "suites": [
        {
          "uuid": "d02500c3-bebd-4bbc-af77-f98ad8f665c4",
          "title": "Draws",
          "fullFile": "/Users/djalmamelos/Documents/PESSOAL/VN2425/Mentoria JL/Projetos/ppp-mentoriaJL/test/draws.test.js",
          "file": "/test/draws.test.js",
          "beforeHooks": [
            {
              "title": "\"before each\" hook in \"Draws\"",
              "fullTitle": "Draws \"before each\" hook in \"Draws\"",
              "timedOut": false,
              "duration": 12,
              "state": null,
              "speed": null,
              "pass": false,
              "fail": false,
              "pending": false,
              "context": null,
              "code": "token = await obterToken('admin', '123456')",
              "err": {},
              "uuid": "0d715c53-8df0-4101-8772-5b91a772a1ad",
              "parentUUID": "d02500c3-bebd-4bbc-af77-f98ad8f665c4",
              "isHook": true,
              "skipped": false
            }
          ],
          "afterHooks": [],
          "tests": [],
          "suites": [
            {
              "uuid": "3e0a9527-4f96-4f57-8321-0f007f5f6f8f",
              "title": "GET/api/draws",
              "fullFile": "/Users/djalmamelos/Documents/PESSOAL/VN2425/Mentoria JL/Projetos/ppp-mentoriaJL/test/draws.test.js",
              "file": "/test/draws.test.js",
              "beforeHooks": [],
              "afterHooks": [],
              "tests": [
                {
                  "title": "Deve retornar sucesso com 200 e mostrar os sorteios realizados",
                  "fullTitle": "Draws GET/api/draws Deve retornar sucesso com 200 e mostrar os sorteios realizados",
                  "timedOut": false,
                  "duration": 36,
                  "state": "passed",
                  "speed": "fast",
                  "pass": true,
                  "fail": false,
                  "pending": false,
                  "context": null,
                  "code": "const resposta = await request(process.env.BASE_URL)\n                .get('/api/draws?page=1&limit=10')\n                .set('Authorization', `Bearer ${token}`)\n            expect(resposta.status).to.equal(200)",
                  "err": {},
                  "uuid": "d5c7a793-a48a-41c2-960c-526637aae9ed",
                  "parentUUID": "3e0a9527-4f96-4f57-8321-0f007f5f6f8f",
                  "isHook": false,
                  "skipped": false
                }
              ],
              "suites": [],
              "passes": [
                "d5c7a793-a48a-41c2-960c-526637aae9ed"
              ],
              "failures": [],
              "pending": [],
              "skipped": [],
              "duration": 36,
              "root": false,
              "rootEmpty": false,
              "_timeout": 2000
            },
            {
              "uuid": "26cac5ec-e665-4c41-967f-e3a8207442ff",
              "title": "DELETE/api/draws",
              "fullFile": "/Users/djalmamelos/Documents/PESSOAL/VN2425/Mentoria JL/Projetos/ppp-mentoriaJL/test/draws.test.js",
              "file": "/test/draws.test.js",
              "beforeHooks": [],
              "afterHooks": [],
              "tests": [
                {
                  "title": "Deve Retornar sucesso 204 quando o sorteio for Deletado",
                  "fullTitle": "Draws DELETE/api/draws Deve Retornar sucesso 204 quando o sorteio for Deletado",
                  "timedOut": false,
                  "duration": 39,
                  "state": "passed",
                  "speed": "medium",
                  "pass": true,
                  "fail": false,
                  "pending": false,
                  "context": null,
                  "code": "id = await respostaSorteio()\nconst resposta = await request(process.env.BASE_URL)\n    .delete(`/api/draws/${id}`)\n    .set('Content-Type', 'application/json')\n    .set('Authorization', `Bearer ${token}`)\n   \nexpect(resposta.status).to.equal(204);\n console.log(resposta)",
                  "err": {},
                  "uuid": "89eb840b-9a9e-48c8-a366-ed73e140324e",
                  "parentUUID": "26cac5ec-e665-4c41-967f-e3a8207442ff",
                  "isHook": false,
                  "skipped": false
                }
              ],
              "suites": [],
              "passes": [
                "89eb840b-9a9e-48c8-a366-ed73e140324e"
              ],
              "failures": [],
              "pending": [],
              "skipped": [],
              "duration": 39,
              "root": false,
              "rootEmpty": false,
              "_timeout": 2000
            }
          ],
          "passes": [],
          "failures": [],
          "pending": [],
          "skipped": [],
          "duration": 0,
          "root": false,
          "rootEmpty": false,
          "_timeout": 2000
        },
        {
          "uuid": "657b34b8-fcfb-484c-864a-d31fcda3119d",
          "title": "Teste de Login",
          "fullFile": "/Users/djalmamelos/Documents/PESSOAL/VN2425/Mentoria JL/Projetos/ppp-mentoriaJL/test/login.test.js",
          "file": "/test/login.test.js",
          "beforeHooks": [],
          "afterHooks": [],
          "tests": [
            {
              "title": "Deve retornar 401 sem um token em string quando usar credenciais invalidas",
              "fullTitle": "Teste de Login Deve retornar 401 sem um token em string quando usar credenciais invalidas",
              "timedOut": false,
              "duration": 2,
              "state": "passed",
              "speed": "fast",
              "pass": true,
              "fail": false,
              "pending": false,
              "context": null,
              "code": "const resposta = await request(process.env.BASE_URL)\n.post('/api/auth/login')\n.set('Content-Type', 'application/json')\n.send({\n    'username': 'admin',\n    'password':'654321'\n})\n\nexpect(resposta.status).to.equal(401);\nexpect(resposta.body.error).to.be.a('string');",
              "err": {},
              "uuid": "3c41c7d8-f01b-4a4e-9f87-baff28b5bd90",
              "parentUUID": "657b34b8-fcfb-484c-864a-d31fcda3119d",
              "isHook": false,
              "skipped": false
            }
          ],
          "suites": [
            {
              "uuid": "a03e6504-0ed1-4df4-a8fc-e166c6a32495",
              "title": "POST/login",
              "fullFile": "/Users/djalmamelos/Documents/PESSOAL/VN2425/Mentoria JL/Projetos/ppp-mentoriaJL/test/login.test.js",
              "file": "/test/login.test.js",
              "beforeHooks": [],
              "afterHooks": [],
              "tests": [
                {
                  "title": "Deve retornar 200 com um token em string quando usar credenciais validas",
                  "fullTitle": "Teste de Login POST/login Deve retornar 200 com um token em string quando usar credenciais validas",
                  "timedOut": false,
                  "duration": 2,
                  "state": "passed",
                  "speed": "fast",
                  "pass": true,
                  "fail": false,
                  "pending": false,
                  "context": null,
                  "code": "const resposta = await request(process.env.BASE_URL)\n.post('/api/auth/login')\n.set('Content-Type', 'application/json')\n.send({\n    'username': 'admin',\n    'password':'123456'\n})\n\nexpect(resposta.status).to.equal(200);\nexpect(resposta.body.token).to.be.a('string');",
                  "err": {},
                  "uuid": "5a1eed99-03d3-44b0-992c-3a4902a4159f",
                  "parentUUID": "a03e6504-0ed1-4df4-a8fc-e166c6a32495",
                  "isHook": false,
                  "skipped": false
                }
              ],
              "suites": [],
              "passes": [
                "5a1eed99-03d3-44b0-992c-3a4902a4159f"
              ],
              "failures": [],
              "pending": [],
              "skipped": [],
              "duration": 2,
              "root": false,
              "rootEmpty": false,
              "_timeout": 2000
            }
          ],
          "passes": [
            "3c41c7d8-f01b-4a4e-9f87-baff28b5bd90"
          ],
          "failures": [],
          "pending": [],
          "skipped": [],
          "duration": 2,
          "root": false,
          "rootEmpty": false,
          "_timeout": 2000
        },
        {
          "uuid": "41568465-2238-49da-9c3e-812f4088d6a4",
          "title": "Prizes",
          "fullFile": "/Users/djalmamelos/Documents/PESSOAL/VN2425/Mentoria JL/Projetos/ppp-mentoriaJL/test/prizes.test.js",
          "file": "/test/prizes.test.js",
          "beforeHooks": [
            {
              "title": "\"before each\" hook in \"Prizes\"",
              "fullTitle": "Prizes \"before each\" hook in \"Prizes\"",
              "timedOut": false,
              "duration": 1,
              "state": null,
              "speed": null,
              "pass": false,
              "fail": false,
              "pending": false,
              "context": null,
              "code": "token = await obterToken('admin', '123456')",
              "err": {},
              "uuid": "0ab41889-0f45-4c58-89ff-e23d0eef3a67",
              "parentUUID": "41568465-2238-49da-9c3e-812f4088d6a4",
              "isHook": true,
              "skipped": false
            }
          ],
          "afterHooks": [],
          "tests": [],
          "suites": [
            {
              "uuid": "00a22380-5f6a-4e8e-93f8-6db122e0985b",
              "title": "POST/api/prizes",
              "fullFile": "/Users/djalmamelos/Documents/PESSOAL/VN2425/Mentoria JL/Projetos/ppp-mentoriaJL/test/prizes.test.js",
              "file": "/test/prizes.test.js",
              "beforeHooks": [],
              "afterHooks": [],
              "tests": [
                {
                  "title": "Deve Retornar sucesso 201 quando o prêmio for criado",
                  "fullTitle": "Prizes POST/api/prizes Deve Retornar sucesso 201 quando o prêmio for criado",
                  "timedOut": false,
                  "duration": 6,
                  "state": "passed",
                  "speed": "fast",
                  "pass": true,
                  "fail": false,
                  "pending": false,
                  "context": null,
                  "code": "const bodyPrizes = { ...postPrizes }\nconst resposta = await request(process.env.BASE_URL)\n    .post('/api/prizes')\n    .set('Content-Type', 'application/json')\n    .set('Authorization', `Bearer ${token}`)\n    .send(\n        bodyPrizes\n    )\nexpect(resposta.status).to.equal(201);",
                  "err": {},
                  "uuid": "84cf76d8-9aa5-4a88-a029-0f741c8cd744",
                  "parentUUID": "00a22380-5f6a-4e8e-93f8-6db122e0985b",
                  "isHook": false,
                  "skipped": false
                },
                {
                  "title": "Deve Retornar Erro 400 quando tentar criar o premio com quantidade negativa ",
                  "fullTitle": "Prizes POST/api/prizes Deve Retornar Erro 400 quando tentar criar o premio com quantidade negativa ",
                  "timedOut": false,
                  "duration": 1,
                  "state": "passed",
                  "speed": "fast",
                  "pass": true,
                  "fail": false,
                  "pending": false,
                  "context": null,
                  "code": "const bodyPrizes = { ...postPrizes }\nbodyPrizes.quantity = -2\nconst resposta = await request(process.env.BASE_URL)\n    .post('/api/prizes')\n    .set('Content-Type', 'application/json')\n    .set('Authorization', `Bearer ${token}`)\n    .send(\n        bodyPrizes\n    )\nexpect(resposta.status).to.equal(400);",
                  "err": {},
                  "uuid": "23dce155-d33a-4f5e-9a8a-046bf91fa168",
                  "parentUUID": "00a22380-5f6a-4e8e-93f8-6db122e0985b",
                  "isHook": false,
                  "skipped": false
                }
              ],
              "suites": [],
              "passes": [
                "84cf76d8-9aa5-4a88-a029-0f741c8cd744",
                "23dce155-d33a-4f5e-9a8a-046bf91fa168"
              ],
              "failures": [],
              "pending": [],
              "skipped": [],
              "duration": 7,
              "root": false,
              "rootEmpty": false,
              "_timeout": 2000
            },
            {
              "uuid": "3b19a609-5889-40c4-abdf-c7a840d64536",
              "title": "GET/api/prizes",
              "fullFile": "/Users/djalmamelos/Documents/PESSOAL/VN2425/Mentoria JL/Projetos/ppp-mentoriaJL/test/prizes.test.js",
              "file": "/test/prizes.test.js",
              "beforeHooks": [],
              "afterHooks": [],
              "tests": [
                {
                  "title": "Deve retornar sucesso com 200 e dados iguais quando ID for válido",
                  "fullTitle": "Prizes GET/api/prizes Deve retornar sucesso com 200 e dados iguais quando ID for válido",
                  "timedOut": false,
                  "duration": 3,
                  "state": "passed",
                  "speed": "fast",
                  "pass": true,
                  "fail": false,
                  "pending": false,
                  "context": null,
                  "code": "const resposta = await request(process.env.BASE_URL)\n                .get('/api/prizes?page=1&limit=10')\n                .set('Authorization', `Bearer ${token}`)\n            expect(resposta.status).to.equal(200)\n            expect(resposta.body).to.be.an('array')",
                  "err": {},
                  "uuid": "c7d45119-cbcc-4c45-8dff-42660e92a9bc",
                  "parentUUID": "3b19a609-5889-40c4-abdf-c7a840d64536",
                  "isHook": false,
                  "skipped": false
                }
              ],
              "suites": [],
              "passes": [
                "c7d45119-cbcc-4c45-8dff-42660e92a9bc"
              ],
              "failures": [],
              "pending": [],
              "skipped": [],
              "duration": 3,
              "root": false,
              "rootEmpty": false,
              "_timeout": 2000
            },
            {
              "uuid": "df875661-4406-4ecd-aabd-333989af26ce",
              "title": "GET/api/prizes{ID} ",
              "fullFile": "/Users/djalmamelos/Documents/PESSOAL/VN2425/Mentoria JL/Projetos/ppp-mentoriaJL/test/prizes.test.js",
              "file": "/test/prizes.test.js",
              "beforeHooks": [],
              "afterHooks": [],
              "tests": [
                {
                  "title": "Deve Retornar o nome do Premio criado anteriormente",
                  "fullTitle": "Prizes GET/api/prizes{ID}  Deve Retornar o nome do Premio criado anteriormente",
                  "timedOut": false,
                  "duration": 3,
                  "state": "passed",
                  "speed": "fast",
                  "pass": true,
                  "fail": false,
                  "pending": false,
                  "context": null,
                  "code": "id = await respostaPremio()\nconst resposta = await request(process.env.BASE_URL)\n    .get(`/api/prizes/${id}`)\n    .set('Authorization', `Bearer ${token}`)\nexpect(resposta.status).to.equal(200)\nexpect(resposta.body.id).to.equal(`${id}`)",
                  "err": {},
                  "uuid": "1512bf67-97f8-4aa9-aecd-77d256dabee6",
                  "parentUUID": "df875661-4406-4ecd-aabd-333989af26ce",
                  "isHook": false,
                  "skipped": false
                }
              ],
              "suites": [],
              "passes": [
                "1512bf67-97f8-4aa9-aecd-77d256dabee6"
              ],
              "failures": [],
              "pending": [],
              "skipped": [],
              "duration": 3,
              "root": false,
              "rootEmpty": false,
              "_timeout": 2000
            },
            {
              "uuid": "91ac8353-ca1d-4743-8092-84d5f155c608",
              "title": "PATCH/api/prizes{id} ",
              "fullFile": "/Users/djalmamelos/Documents/PESSOAL/VN2425/Mentoria JL/Projetos/ppp-mentoriaJL/test/prizes.test.js",
              "file": "/test/prizes.test.js",
              "beforeHooks": [],
              "afterHooks": [],
              "tests": [
                {
                  "title": "Deve Retornar Erro 200 quando for atualizar nome de premio ",
                  "fullTitle": "Prizes PATCH/api/prizes{id}  Deve Retornar Erro 200 quando for atualizar nome de premio ",
                  "timedOut": false,
                  "duration": 6,
                  "state": "passed",
                  "speed": "fast",
                  "pass": true,
                  "fail": false,
                  "pending": false,
                  "context": null,
                  "code": "const bodyPrizes = { ...postPrizes }\nbodyPrizes.name = 'Teste de Premio'\nid = await respostaPremio()\nconst resposta = await request(process.env.BASE_URL)\n    .patch(`/api/prizes/${id}`)\n    .set('Content-Type', 'application/json')\n    .set('Authorization', `Bearer ${token}`)\n    .send(\n        bodyPrizes\n    )\nexpect(resposta.status).to.equal(200);\nexpect(resposta.body.id).to.equal(`${id}`)",
                  "err": {},
                  "uuid": "a606dfbb-66ea-4329-a692-3d2602ed9d61",
                  "parentUUID": "91ac8353-ca1d-4743-8092-84d5f155c608",
                  "isHook": false,
                  "skipped": false
                }
              ],
              "suites": [],
              "passes": [
                "a606dfbb-66ea-4329-a692-3d2602ed9d61"
              ],
              "failures": [],
              "pending": [],
              "skipped": [],
              "duration": 6,
              "root": false,
              "rootEmpty": false,
              "_timeout": 2000
            },
            {
              "uuid": "ad3dd161-6a47-42c9-8596-3b3d6485bde8",
              "title": "DELETE/api/prizes{id} ",
              "fullFile": "/Users/djalmamelos/Documents/PESSOAL/VN2425/Mentoria JL/Projetos/ppp-mentoriaJL/test/prizes.test.js",
              "file": "/test/prizes.test.js",
              "beforeHooks": [],
              "afterHooks": [],
              "tests": [
                {
                  "title": "Deve Retornar Erro 400 por premio ter quantidade em estoque",
                  "fullTitle": "Prizes DELETE/api/prizes{id}  Deve Retornar Erro 400 por premio ter quantidade em estoque",
                  "timedOut": false,
                  "duration": 6,
                  "state": "passed",
                  "speed": "fast",
                  "pass": true,
                  "fail": false,
                  "pending": false,
                  "context": null,
                  "code": "id = await respostaPremio()\nconst resposta = await request(process.env.BASE_URL)\n    .delete(`/api/prizes/${id}`)\n    .set('Content-Type', 'application/json')\n    .set('Authorization', `Bearer ${token}`)\n   \nexpect(resposta.status).to.equal(400);\nexpect(resposta.body.error).to.equal('prize_has_units')",
                  "err": {},
                  "uuid": "ddd57429-ec0b-4a28-a55a-917b93e1ff4e",
                  "parentUUID": "ad3dd161-6a47-42c9-8596-3b3d6485bde8",
                  "isHook": false,
                  "skipped": false
                }
              ],
              "suites": [],
              "passes": [
                "ddd57429-ec0b-4a28-a55a-917b93e1ff4e"
              ],
              "failures": [],
              "pending": [],
              "skipped": [],
              "duration": 6,
              "root": false,
              "rootEmpty": false,
              "_timeout": 2000
            },
            {
              "uuid": "669f8a85-444b-499b-8f47-d1c212e2ee13",
              "title": "DELETE/api/prizes{id} ",
              "fullFile": "/Users/djalmamelos/Documents/PESSOAL/VN2425/Mentoria JL/Projetos/ppp-mentoriaJL/test/prizes.test.js",
              "file": "/test/prizes.test.js",
              "beforeHooks": [],
              "afterHooks": [],
              "tests": [
                {
                  "title": "Deve Retornar Erro 400 por premio ter quantidade em estoque",
                  "fullTitle": "Prizes DELETE/api/prizes{id}  Deve Retornar Erro 400 por premio ter quantidade em estoque",
                  "timedOut": false,
                  "duration": 2,
                  "state": "passed",
                  "speed": "fast",
                  "pass": true,
                  "fail": false,
                  "pending": false,
                  "context": null,
                  "code": "id = await respostaPremio()\nconst resposta = await request(process.env.BASE_URL)\n    .delete(`/api/prizes/${id}`)\n    .set('Content-Type', 'application/json')\n    .set('Authorization', `Bearer ${token}`)\n   \nexpect(resposta.status).to.equal(400);\nexpect(resposta.body.error).to.equal('prize_has_units')",
                  "err": {},
                  "uuid": "ae7d46f5-2710-4db7-82f4-d951fe7dac12",
                  "parentUUID": "669f8a85-444b-499b-8f47-d1c212e2ee13",
                  "isHook": false,
                  "skipped": false
                }
              ],
              "suites": [],
              "passes": [
                "ae7d46f5-2710-4db7-82f4-d951fe7dac12"
              ],
              "failures": [],
              "pending": [],
              "skipped": [],
              "duration": 2,
              "root": false,
              "rootEmpty": false,
              "_timeout": 2000
            },
            {
              "uuid": "b89bb2bf-3a22-463d-af82-92c864e05705",
              "title": "DELETE/api/prizes{id} ",
              "fullFile": "/Users/djalmamelos/Documents/PESSOAL/VN2425/Mentoria JL/Projetos/ppp-mentoriaJL/test/prizes.test.js",
              "file": "/test/prizes.test.js",
              "beforeHooks": [],
              "afterHooks": [],
              "tests": [
                {
                  "title": "Deve Retornar  204 ao deletar a unidade do premio em estoque",
                  "fullTitle": "Prizes DELETE/api/prizes{id}  Deve Retornar  204 ao deletar a unidade do premio em estoque",
                  "timedOut": false,
                  "duration": 9,
                  "state": "passed",
                  "speed": "fast",
                  "pass": true,
                  "fail": false,
                  "pending": false,
                  "context": null,
                  "code": "id = await UnidadePremio()\nconst resposta = await request(process.env.BASE_URL)\n    .delete(`/api/prizes/unit/${id}`)\n    .set('Content-Type', 'application/json')\n    .set('Authorization', `Bearer ${token}`)\n   \nexpect(resposta.status).to.equal(204);",
                  "err": {},
                  "uuid": "e5bb6d28-2355-445e-aa7e-a71705673d6e",
                  "parentUUID": "b89bb2bf-3a22-463d-af82-92c864e05705",
                  "isHook": false,
                  "skipped": false
                }
              ],
              "suites": [],
              "passes": [
                "e5bb6d28-2355-445e-aa7e-a71705673d6e"
              ],
              "failures": [],
              "pending": [],
              "skipped": [],
              "duration": 9,
              "root": false,
              "rootEmpty": false,
              "_timeout": 2000
            }
          ],
          "passes": [],
          "failures": [],
          "pending": [],
          "skipped": [],
          "duration": 0,
          "root": false,
          "rootEmpty": false,
          "_timeout": 2000
        }
      ],
      "passes": [],
      "failures": [],
      "pending": [],
      "skipped": [],
      "duration": 0,
      "root": true,
      "rootEmpty": true,
      "_timeout": 2000
    }
  ],
  "meta": {
    "mocha": {
      "version": "11.7.5"
    },
    "mochawesome": {
      "options": {
        "quiet": false,
        "reportFilename": "mochawesome",
        "saveHtml": true,
        "saveJson": true,
        "consoleReporter": "spec",
        "useInlineDiffs": false,
        "code": true
      },
      "version": "7.1.4"
    },
    "marge": {
      "options": null,
      "version": "6.3.2"
    }
  }
}